


ARM Macro Assembler    Page 1 


    1 00000000         
    2 00000000         ; WRITE AN ALP TO FIND THE SQUARE OF A NUMBER (1-10) USI
                       NG LOOKUP TABLE
    3 00000000         
    4 00000000                 AREA             PROGRAM, CODE, READONLY
    5 00000000                 ENTRY
    6 00000000         
    7 00000000 E59F0060        LDR              R0, = LOOKUPTABLE
    8 00000004         
    9 00000004 E59F1060        LDR              R1, = SIZE
   10 00000008 E5912000        LDR              R2, [R1]
   11 0000000C         
   12 0000000C E59F305C        LDR              R3, = NUMBER
   13 00000010 E5934000        LDR              R4, [R3]
   14 00000014         
   15 00000014 E4905004 
                       LOOP    LDR              R5, [R0], #4
   16 00000018 E2866001        ADD              R6, R6, #1
   17 0000001C E1560004        CMP              R6, R4
   18 00000020 0A000000        BEQ              STORE
   19 00000024 1AFFFFFA        BNE              LOOP
   20 00000028         
   21 00000028 E59F4034 
                       STORE   LDR              R4, RESULTADDRESS
   22 0000002C E5845000        STR              R5, [R4]
   23 00000030         
   24 00000030 EAFFFFFE 
                       STOP    B                STOP
   25 00000034         
   26 00000034 00000006 
                       NUMBER  DCD              06
   27 00000038 0000000A 
                       SIZE    DCD              10
   28 0000003C 00000001 
              00000004 
              00000009 
              00000010 
              00000019 
              00000024 
              00000031 
              00000040 
              00000051 
              00000064 LOOKUPTABLE
                               DCD              01, 04, 09, 16, 25, 36, 49, 64,
 81, 100
   29 00000064 40000000 
                       RESULTADDRESS
                               DCD              0X40000000
   30 00000068         
   31 00000068                 END
              00000000 
              00000000 
              00000000 
Command Line: --debug --xref --apcs=interwork --depend=.\labprogram5.d -o.\labp
rogram5.o -IC:\Keil\ARM\RV31\INC -IC:\Keil\ARM\CMSIS\Include -IC:\Keil\ARM\Inc\
Philips --predefine="__EVAL SETA 1" --list=.\labprogram5.lst LABPROGRAM5.S



ARM Macro Assembler    Page 1 Alphabetic symbol ordering
Relocatable symbols

LOOKUPTABLE 0000003C

Symbol: LOOKUPTABLE
   Definitions
      At line 28 in file LABPROGRAM5.S
   Uses
      At line 7 in file LABPROGRAM5.S
Comment: LOOKUPTABLE used once
LOOP 00000014

Symbol: LOOP
   Definitions
      At line 15 in file LABPROGRAM5.S
   Uses
      At line 19 in file LABPROGRAM5.S
Comment: LOOP used once
NUMBER 00000034

Symbol: NUMBER
   Definitions
      At line 26 in file LABPROGRAM5.S
   Uses
      At line 12 in file LABPROGRAM5.S
Comment: NUMBER used once
PROGRAM 00000000

Symbol: PROGRAM
   Definitions
      At line 4 in file LABPROGRAM5.S
   Uses
      None
Comment: PROGRAM unused
RESULTADDRESS 00000064

Symbol: RESULTADDRESS
   Definitions
      At line 29 in file LABPROGRAM5.S
   Uses
      At line 21 in file LABPROGRAM5.S
Comment: RESULTADDRESS used once
SIZE 00000038

Symbol: SIZE
   Definitions
      At line 27 in file LABPROGRAM5.S
   Uses
      At line 9 in file LABPROGRAM5.S
Comment: SIZE used once
STOP 00000030

Symbol: STOP
   Definitions
      At line 24 in file LABPROGRAM5.S
   Uses
      At line 24 in file LABPROGRAM5.S
Comment: STOP used once
STORE 00000028

Symbol: STORE



ARM Macro Assembler    Page 2 Alphabetic symbol ordering
Relocatable symbols

   Definitions
      At line 21 in file LABPROGRAM5.S
   Uses
      At line 18 in file LABPROGRAM5.S
Comment: STORE used once
8 symbols
341 symbols in table
