


ARM Macro Assembler    Page 1 


    1 00000000         ; WRITE AN ALP TO FIND THE SQUARE OF A NUMBER (1-10) USI
                       NG LOOKUP TABLE
    2 00000000                 AREA             PROGRAM, CODE, READONLY ; PROGR
                                                            AMM PREREQUISITES F
                                                            OR READ ONLY MEMORY
                                                            
    3 00000000                 ENTRY                        ; BEGINNING OF PROG
                                                            RAM    
    4 00000000 E59F0050        LDR              R0, = LOOKUPTABLE ; LOAD THE AD
                                                            DRESS OF "LOOKUP TA
                                                            BLE" INTO R0
    5 00000004 E59F3050        LDR              R3, = NUMBER ; LOAD THE ADDRESS
                                                             OF "NUMBER" INTO R
                                                            3 
    6 00000008 E5934000        LDR              R4, [R3]    ; LOAD THE CONTENT 
                                                            OF "NUMBER" INTO R4
                                                            
    7 0000000C E4905004 
                       LOOP    LDR              R5, [R0], #4 ; LOAD ITERATIVE C
                                                            ONTENT OF LOOKUP TA
                                                            BLE INTO R5
    8 00000010 E2866001        ADD              R6, R6, #1  ; INCREMENT COUNTER
                                                             BY 1 
    9 00000014 E1560004        CMP              R6, R4      ; CHECK IF COUNTER 
                                                            IS EQUAL TO CONTENT
                                                             IN NUMBER
   10 00000018 0A000000        BEQ              STORE       ; IF COUNTER IS EQU
                                                            AL TO CONTENT IN NU
                                                            MBER, BRANCH TO STO
                                                            RE
   11 0000001C 1AFFFFFA        BNE              LOOP        ; BRANCH UNTIL ZERO
                                                             FLAG IS SET HIGH 
   12 00000020 E59F4038 
                       STORE   LDR              R4, = RESULTADDRESS ; LOAD ADDR
                                                            ESS OF "RESULTADDRE
                                                            SS" INTO R4 
   13 00000024 E5845000        STR              R5, [R4]    ; STORE THE CONTENT
                                                             OF R5 INTO MEMORY 
                                                            LOCATION POINTED BY
                                                             R4
   14 00000028 EAFFFFFE 
                       STOP    B                STOP        ; INFINITE LOOP
   15 0000002C         
   16 0000002C 00000006 
                       NUMBER  DCD              06          ; NUMBER WHOSE SQUA
                                                            RE IS TO BE FOUND O
                                                            UT
   17 00000030         LOOKUPTABLE
   18 00000030 00000001        DCD              0000000001  ; SQUARE OF 1 IN DE
                                                            CIMAL, GETS CONVERT
                                                            ED TO HEXADECIMAL B
                                                            Y ARM COMPILER
   19 00000034 00000004        DCD              0000000004  ; SQUARE OF 2 IN DE
                                                            CIMAL, GETS CONVERT
                                                            ED TO HEXADECIMAL B
                                                            Y ARM COMPILER
   20 00000038 00000009        DCD              0000000009  ; SQUARE OF 3 IN DE
                                                            CIMAL, GETS CONVERT
                                                            ED TO HEXADECIMAL B



ARM Macro Assembler    Page 2 


                                                            Y ARM COMPILER
   21 0000003C 00000010        DCD              0000000016  ; SQUARE OF 4 IN DE
                                                            CIMAL, GETS CONVERT
                                                            ED TO HEXADECIMAL B
                                                            Y ARM COMPILER
   22 00000040 00000019        DCD              0000000025  ; SQUARE OF 5 IN DE
                                                            CIMAL, GETS CONVERT
                                                            ED TO HEXADECIMAL B
                                                            Y ARM COMPILER
   23 00000044 00000024        DCD              0000000036  ; SQUARE OF 6 IN DE
                                                            CIMAL, GETS CONVERT
                                                            ED TO HEXADECIMAL B
                                                            Y ARM COMPILER
   24 00000048 00000031        DCD              0000000049  ; SQUARE OF 7 IN DE
                                                            CIMAL, GETS CONVERT
                                                            ED TO HEXADECIMAL B
                                                            Y ARM COMPILER
   25 0000004C 00000040        DCD              0000000064  ; SQUARE OF 8 IN DE
                                                            CIMAL, GETS CONVERT
                                                            ED TO HEXADECIMAL B
                                                            Y ARM COMPILER
   26 00000050 00000051        DCD              0000000081  ; SQUARE OF 9 IN DE
                                                            CIMAL, GETS CONVERT
                                                            ED TO HEXADECIMAL B
                                                            Y ARM COMPILER
   27 00000054 00000064        DCD              0000000100  ; SQUARE OF 10 IN D
                                                            ECIMAL, GETS CONVER
                                                            TED TO HEXADECIMAL 
                                                            BY ARM COMPILER
   28 00000058         
   29 00000058 00000000 
              00000000 
              00000000         AREA             WRITEDATA, DATA, READWRITE ; PR
                                                            OGRAM PREREQUISITES
                                                             FOR READ WRITE MEM
                                                            ORY
   30 00000000 40000000 
                       RESULTADDRESS
                               DCD              0X40000000  ; ADDRESS LOCATION 
                                                            CONTAINING THE SQUA
                                                            RE OF NUMBER   
   31 00000004                 END                          ; END OF PROGRAM
Command Line: --debug --xref --apcs=interwork --depend=.\program5.d -o.\program
5.o -IC:\Keil\ARM\RV31\INC -IC:\Keil\ARM\CMSIS\Include -IC:\Keil\ARM\Inc\Philip
s --predefine="__EVAL SETA 1" --list=.\program5.lst PROGRAM5.S



ARM Macro Assembler    Page 1 Alphabetic symbol ordering
Relocatable symbols

LOOKUPTABLE 00000030

Symbol: LOOKUPTABLE
   Definitions
      At line 17 in file PROGRAM5.S
   Uses
      At line 4 in file PROGRAM5.S
Comment: LOOKUPTABLE used once
LOOP 0000000C

Symbol: LOOP
   Definitions
      At line 7 in file PROGRAM5.S
   Uses
      At line 11 in file PROGRAM5.S
Comment: LOOP used once
NUMBER 0000002C

Symbol: NUMBER
   Definitions
      At line 16 in file PROGRAM5.S
   Uses
      At line 5 in file PROGRAM5.S
Comment: NUMBER used once
PROGRAM 00000000

Symbol: PROGRAM
   Definitions
      At line 2 in file PROGRAM5.S
   Uses
      None
Comment: PROGRAM unused
STOP 00000028

Symbol: STOP
   Definitions
      At line 14 in file PROGRAM5.S
   Uses
      At line 14 in file PROGRAM5.S
Comment: STOP used once
STORE 00000020

Symbol: STORE
   Definitions
      At line 12 in file PROGRAM5.S
   Uses
      At line 10 in file PROGRAM5.S
Comment: STORE used once
6 symbols



ARM Macro Assembler    Page 1 Alphabetic symbol ordering
Relocatable symbols

RESULTADDRESS 00000000

Symbol: RESULTADDRESS
   Definitions
      At line 30 in file PROGRAM5.S
   Uses
      At line 12 in file PROGRAM5.S
Comment: RESULTADDRESS used once
WRITEDATA 00000000

Symbol: WRITEDATA
   Definitions
      At line 29 in file PROGRAM5.S
   Uses
      None
Comment: WRITEDATA unused
2 symbols
341 symbols in table
