


ARM Macro Assembler    Page 1 


    1 00000000         
    2 00000000         ; WRITE AN ALP TO FIND FACTORIAL OF A NUMBER
    3 00000000         
    4 00000000                 AREA             PROGRAM, CODE, READONLY ; PROGR
                                                            AM PREREQUISITES IN
                                                             READ ONLY MEMORY
    5 00000000                 ENTRY                        ; BEGINNING OF PROG
                                                            RAM
    6 00000000         
    7 00000000 E59F0028        LDR              R0, = NUMBER ; LOAD ADDRESS OF 
                                                            "NUMBER" INTO R0
    8 00000004 E5901000        LDR              R1, [R0]    ; LOAD CONTENT OF "
                                                            NUMBER" INTO R1
    9 00000008 E3A02001        LDR              R2, = 1     ; INITIALISE R2 TO 
                                                            STORE THE RESULT
   10 0000000C         
   11 0000000C E0020291 
                       LOOP    MUL              R2, R1, R2  ; MULTIPLY R1 WITH 
                                                            R2, STORE RESULT IN
                                                             R2, UPDATE R2
   12 00000010 E2411001        SUB              R1, #1      ; DECREASE NUMBER B
                                                            Y 1
   13 00000014 E3510000        CMP              R1, #0      ; CHECK IF NUMBER I
                                                            S EQUAL TO 0
   14 00000018 0A000000        BEQ              STORE       ; IF NUMBER IS EQUA
                                                            L TO 0, BRANCH TO L
                                                            ABEL "STORE"
   15 0000001C 1AFFFFFA        BNE              LOOP        ; IF NUMBER IS NOT 
                                                            EQUAL TO 1,BRANCH T
                                                            O LABEL "LOOP"
   16 00000020         
   17 00000020 E59F300C 
                       STORE   LDR              R3, = RESULTADDRESS ; LOAD "RES
                                                            ULTADDRESS" ADDRESS
                                                             INTO R3
   18 00000024 E5832000        STR              R2, [R3]    ; STORE FACTORIAL R
                                                            ESULT OF R1 INTO ME
                                                            MORYLOCATION POINTE
                                                            D BY R3
   19 00000028         
   20 00000028 EAFFFFFE 
                       STOP    B                STOP        ; INFINITE LOOP
   21 0000002C         
   22 0000002C 00000005 
                       NUMBER  DCD              05          ; NUMBER CONTAINS V
                                                            ALUE WHOSE FACTORIA
                                                            L IS TO BE FOUND OU
                                                            T
   23 00000030         
   24 00000030 00000000 
              00000000         AREA             WRITEDATA, DATA, READWRITE ; PR
                                                            OGRAM PREREQUISITES
                                                             IN READ WRITE MEMO
                                                            RY
   25 00000000 40000000 
                       RESULTADDRESS
                               DCD              0X40000000  ; ADDRESS LOCATION 
                                                            USED TO STORE FACTO
                                                            RIAL OF NUMBER



ARM Macro Assembler    Page 2 


   26 00000004                 END                          ; END OF PROGRAM
Command Line: --debug --xref --apcs=interwork --depend=.\program3.d -o.\program
3.o -IC:\Keil\ARM\RV31\INC -IC:\Keil\ARM\CMSIS\Include -IC:\Keil\ARM\Inc\Philip
s --predefine="__EVAL SETA 1" --list=.\program3.lst PROGRAM3.S



ARM Macro Assembler    Page 1 Alphabetic symbol ordering
Relocatable symbols

LOOP 0000000C

Symbol: LOOP
   Definitions
      At line 11 in file PROGRAM3.S
   Uses
      At line 15 in file PROGRAM3.S
Comment: LOOP used once
NUMBER 0000002C

Symbol: NUMBER
   Definitions
      At line 22 in file PROGRAM3.S
   Uses
      At line 7 in file PROGRAM3.S
Comment: NUMBER used once
PROGRAM 00000000

Symbol: PROGRAM
   Definitions
      At line 4 in file PROGRAM3.S
   Uses
      None
Comment: PROGRAM unused
STOP 00000028

Symbol: STOP
   Definitions
      At line 20 in file PROGRAM3.S
   Uses
      At line 20 in file PROGRAM3.S
Comment: STOP used once
STORE 00000020

Symbol: STORE
   Definitions
      At line 17 in file PROGRAM3.S
   Uses
      At line 14 in file PROGRAM3.S
Comment: STORE used once
5 symbols



ARM Macro Assembler    Page 1 Alphabetic symbol ordering
Relocatable symbols

RESULTADDRESS 00000000

Symbol: RESULTADDRESS
   Definitions
      At line 25 in file PROGRAM3.S
   Uses
      At line 17 in file PROGRAM3.S
Comment: RESULTADDRESS used once
WRITEDATA 00000000

Symbol: WRITEDATA
   Definitions
      At line 24 in file PROGRAM3.S
   Uses
      None
Comment: WRITEDATA unused
2 symbols
340 symbols in table
