


ARM Macro Assembler    Page 1 


    1 00000000         
    2 00000000         ; WRITE A PROGRAM TO ARRANGE A SERIES OF 32 BIT NUMBERS 
                       IN ASCENDING/DESCENDING ORDER 
    3 00000000         
    4 00000000                 AREA             PROGRAM, CODE, READONLY ; PROGR
                                                            AM PREREQUISITES IN
                                                             READ ONLY MEMORY
    5 00000000                 ENTRY                        ; BEGINNING OF PROG
                                                            RAM
    6 00000000         
    7 00000000 E3A05005        MOV              R5, #5      ; N-1 PASSES
    8 00000004         
    9 00000004 E59F0034 
                       NEXTPASS
                               LDR              R0, = ARRAY ; LOAD THE ADDRESS 
                                                            OF "ARRAY" IN R0
   10 00000008 E1A04005        MOV              R4, R5      ; N-1 COMPARISONS
   11 0000000C         
   12 0000000C E5902000 
                       NEXTCOMP
                               LDR              R2, [R0]    ; LOAD THE FIRST NU
                                                            MBER INTO R2
   13 00000010 E1A01002        MOV              R1, R2      ; TRANSFER THE FIRS
                                                            T NUMBER TO R1
   14 00000014 E2800004        ADD              R0, #4      ; INCREMENT ARRAY C
                                                            OUNTER BY 4
   15 00000018 E5902000        LDR              R2, [R0]    ; LOAD THE SECOND N
                                                            UMBER INTO R2
   16 0000001C E1510002        CMP              R1, R2      ; COMPARE THE FIRST
                                                             AND SECOND NUMBER
   17 00000020 2A000001        BHS              NOEXCHGE    ; IF FIRSTNUMBER > 
                                                            SECONDNUMBER BRANCH
                                                             TO "NOEXCHGE" LABE
                                                            L
   18 00000024 E4001004        STR              R1, [R0], #-4 ; EXCHANGE THE NU
                                                            MBER
   19 00000028 E4802004        STR              R2, [R0], #4 ; EXCHANGE THE NUM
                                                            BER
   20 0000002C         
   21 0000002C E2544001 
                       NOEXCHGE
                               SUBS             R4, #1
   22 00000030 1AFFFFF5        BNE              NEXTCOMP    ; BRANCH TO "NEXTCO
                                                            MP" UNTIL ZERO FLAG
                                                             IS SET HIGH
   23 00000034 E2555001        SUBS             R5, #1      ; DECREMENT NUMBER 
                                                            OF PASSES BY 1
   24 00000038 1AFFFFF1        BNE              NEXTPASS    ; BRANCH TO "NEXTPA
                                                            SS" UNTIL ZERO FLAG
                                                             IS SET HIGH
   25 0000003C         
   26 0000003C EAFFFFFE 
                       STOP    B                STOP        ; INFINITE LOOP
   27 00000040         
   28 00000040 00000000        AREA             WRITEDATA, DATA, READWRITE ; PR
                                                            OGRAM PREREQUISITES
                                                             IN 
   29 00000000 40000000 
                       ARRAY   DCD              0X40000000  ; ADDRESS OF "ARRAY



ARM Macro Assembler    Page 2 


                                                            ", MANUALLY ENTER T
                                                            HE ARRAY INTO WINDO
                                                            W BOX
   30 00000004                 END                          ; END OF PROGRAM
Command Line: --debug --xref --apcs=interwork --depend=.\program7.d -o.\program
7.o -IC:\Keil\ARM\RV31\INC -IC:\Keil\ARM\CMSIS\Include -IC:\Keil\ARM\Inc\Philip
s --predefine="__EVAL SETA 1" --list=.\program7.lst PROGRAM7.S



ARM Macro Assembler    Page 1 Alphabetic symbol ordering
Relocatable symbols

NEXTCOMP 0000000C

Symbol: NEXTCOMP
   Definitions
      At line 12 in file PROGRAM7.S
   Uses
      At line 22 in file PROGRAM7.S
Comment: NEXTCOMP used once
NEXTPASS 00000004

Symbol: NEXTPASS
   Definitions
      At line 9 in file PROGRAM7.S
   Uses
      At line 24 in file PROGRAM7.S
Comment: NEXTPASS used once
NOEXCHGE 0000002C

Symbol: NOEXCHGE
   Definitions
      At line 21 in file PROGRAM7.S
   Uses
      At line 17 in file PROGRAM7.S
Comment: NOEXCHGE used once
PROGRAM 00000000

Symbol: PROGRAM
   Definitions
      At line 4 in file PROGRAM7.S
   Uses
      None
Comment: PROGRAM unused
STOP 0000003C

Symbol: STOP
   Definitions
      At line 26 in file PROGRAM7.S
   Uses
      At line 26 in file PROGRAM7.S
Comment: STOP used once
5 symbols



ARM Macro Assembler    Page 1 Alphabetic symbol ordering
Relocatable symbols

ARRAY 00000000

Symbol: ARRAY
   Definitions
      At line 29 in file PROGRAM7.S
   Uses
      At line 9 in file PROGRAM7.S
Comment: ARRAY used once
WRITEDATA 00000000

Symbol: WRITEDATA
   Definitions
      At line 28 in file PROGRAM7.S
   Uses
      None
Comment: WRITEDATA unused
2 symbols
340 symbols in table
